<?xml version="1.0" encoding="UTF-8"?>
<testng-results skipped="0" failed="0" ignored="0" total="2" passed="2">
  <reporter-output>
  </reporter-output>
  <suite name="com.ola.APITest.GETTest" duration-ms="4233" started-at="2020-12-15T21:06:53 GMT" finished-at="2020-12-15T21:06:57 GMT">
    <groups>
    </groups>
    <test name="Command line test" duration-ms="4233" started-at="2020-12-15T21:06:53 GMT" finished-at="2020-12-15T21:06:57 GMT">
      <class name="com.ola.APITest.GETTest">
        <test-method status="PASS" signature="getFrankfurtLatitudeAndLongitude()[pri:0, instance:com.ola.APITest.GETTest@5622fdf]" name="getFrankfurtLatitudeAndLongitude" duration-ms="3881" started-at="2020-12-15T21:06:53 GMT" finished-at="2020-12-15T21:06:57 GMT">
          <reporter-output>
          </reporter-output>
        </test-method> <!-- getFrankfurtLatitudeAndLongitude -->
        <test-method status="PASS" signature="getSuccessfulStatusCode()[pri:0, instance:com.ola.APITest.GETTest@5622fdf]" name="getSuccessfulStatusCode" duration-ms="306" started-at="2020-12-15T21:06:57 GMT" finished-at="2020-12-15T21:06:57 GMT">
          <reporter-output>
          </reporter-output>
        </test-method> <!-- getSuccessfulStatusCode -->
      </class> <!-- com.ola.APITest.GETTest -->
    </test> <!-- Command line test -->
  </suite> <!-- com.ola.APITest.GETTest -->
</testng-results>
